2013-09-10 18:31:51.869 AngularMobileDocs[41044:c07] Multi-tasking -> Device: YES, App: YES
2013-09-10 18:31:52.282 AngularMobileDocs[41044:c07] Resetting plugins due to page load.
2013-09-10 18:31:52.521 AngularMobileDocs[41044:c07] Finished load of: file:///Users/robinboehm/Library/Application%20Support/iPhone%20Simulator/6.1/Applications/1D422A92-BF47-4446-807E-F98F46245A74/AngularMobileDocs.app/www/index.html#/1.2.0rc1
2013-09-10 18:33:15.838 AngularMobileDocs[41044:c07] Resetting plugins due to page load.
2013-09-10 18:33:16.559 AngularMobileDocs[41044:c07] Failed to load webpage with error: The operation couldn’t be completed. (NSURLErrorDomain error -999.)
2013-09-10 18:33:16.559 AngularMobileDocs[41044:c07] Resetting plugins due to page load.
2013-09-10 18:33:18.883 AngularMobileDocs[41044:c07] Finished load of: http://en.m.wikipedia.org/wiki/Currying
2013-09-11 13:32:38.442 AngularMobileDocs[43344:c07] Multi-tasking -> Device: YES, App: YES
2013-09-11 13:32:38.522 AngularMobileDocs[43344:c07] Resetting plugins due to page load.
2013-09-11 13:32:38.725 AngularMobileDocs[43344:c07] Finished load of: file:///Users/robinboehm/Library/Application%20Support/iPhone%20Simulator/6.1/Applications/1D422A92-BF47-4446-807E-F98F46245A74/AngularMobileDocs.app/www/index.html#/1.2.0rc1
2013-09-11 13:34:14.696 AngularMobileDocs[43912:c07] Multi-tasking -> Device: YES, App: YES
2013-09-11 13:34:14.728 AngularMobileDocs[43912:c07] Resetting plugins due to page load.
2013-09-11 13:34:14.891 AngularMobileDocs[43912:c07] Finished load of: file:///Users/robinboehm/Library/Application%20Support/iPhone%20Simulator/6.1/Applications/1D422A92-BF47-4446-807E-F98F46245A74/AngularMobileDocs.app/www/index.html#/1.2.0rc1
Terminating in response to SpringBoard's termination.
2013-09-11 13:36:23.186 AngularMobileDocs[44366:c07] Multi-tasking -> Device: YES, App: YES
2013-09-11 13:36:23.232 AngularMobileDocs[44366:c07] Resetting plugins due to page load.
2013-09-11 13:36:23.344 AngularMobileDocs[44366:c07] Finished load of: file:///Users/robinboehm/Library/Application%20Support/iPhone%20Simulator/6.1/Applications/BBF3CC07-4319-49CB-A9BB-B266370E4607/AngularMobileDocs.app/www/index.html#/1.2.0rc1
Terminating in response to SpringBoard's termination.
2013-09-11 13:37:16.453 AngularMobileDocs[44760:c07] Multi-tasking -> Device: YES, App: YES
2013-09-11 13:37:16.489 AngularMobileDocs[44760:c07] Resetting plugins due to page load.
2013-09-11 13:37:16.605 AngularMobileDocs[44760:c07] Finished load of: file:///Users/robinboehm/Library/Application%20Support/iPhone%20Simulator/6.1/Applications/C0D2B18D-1AD5-489D-80ED-EAA9F9783E9F/AngularMobileDocs.app/www/index.html#/1.2.0rc1
2013-09-11 13:38:42.828 AngularMobileDocs[44760:c07] Simulator slow-motion animations are now on
2013-09-11 13:38:51.915 AngularMobileDocs[44760:c07] Simulator slow-motion animations are now off
2013-09-11 13:38:53.427 AngularMobileDocs[44760:c07] Simulator slow-motion animations are now on
2013-09-11 13:39:40.857 AngularMobileDocs[44760:c07] Simulator slow-motion animations are now off
2013-09-11 13:39:43.081 AngularMobileDocs[44760:c07] Simulator slow-motion animations are now on
2013-09-11 13:39:43.834 AngularMobileDocs[44760:c07] Simulator slow-motion animations are now off
2013-09-11 13:39:47.921 AngularMobileDocs[44760:c07] Simulator slow-motion animations are now on
2013-09-11 13:39:48.993 AngularMobileDocs[44760:c07] Simulator slow-motion animations are now off
2013-09-11 13:39:49.377 AngularMobileDocs[44760:c07] Simulator slow-motion animations are now on
Terminating in response to SpringBoard's termination.
2013-09-11 13:43:17.475 AngularMobileDocs[45181:c07] Multi-tasking -> Device: YES, App: YES
2013-09-11 13:43:17.515 AngularMobileDocs[45181:c07] Resetting plugins due to page load.
2013-09-11 13:43:17.633 AngularMobileDocs[45181:c07] Finished load of: file:///Users/robinboehm/Library/Application%20Support/iPhone%20Simulator/6.1/Applications/ABE32A84-0066-48B5-9C8D-085E8C31B69A/AngularMobileDocs.app/www/index.html#/1.2.0rc1
Terminating in response to SpringBoard's termination.
2013-09-14 14:20:18.930 AngularMobileDocs[49895:c07] Multi-tasking -> Device: YES, App: YES
2013-09-14 14:20:19.164 AngularMobileDocs[49895:c07] Resetting plugins due to page load.
2013-09-14 14:20:19.389 AngularMobileDocs[49895:c07] Finished load of: file:///Users/robinboehm/Library/Application%20Support/iPhone%20Simulator/6.1/Applications/ABE32A84-0066-48B5-9C8D-085E8C31B69A/AngularMobileDocs.app/www/index.html#/1.2.0rc1
